<?xml version="1.0" encoding="UTF-8"?>
<testsuites>
  <testsuite name="CLI Arguments" tests="41" assertions="58" errors="0" failures="0" skipped="0" time="0.313383">
    <testsuite name="QuickPOS\Tests\ContactFormDataProviderTest" file="C:\MAMP\htdocs\quickpos-v2\quickpos-landing-page\tests\ContactFormDataProviderTest.php" tests="7" assertions="13" errors="0" failures="0" skipped="0" time="0.116761">
      <testsuite name="QuickPOS\Tests\ContactFormDataProviderTest::testFormValidationWithMultipleInputs" tests="6" assertions="12" errors="0" failures="0" skipped="0" time="0.043690">
        <testcase name="testFormValidationWithMultipleInputs with data set &quot;empty name&quot;" file="C:\MAMP\htdocs\quickpos-v2\quickpos-landing-page\tests\ContactFormDataProviderTest.php" line="21" class="QuickPOS\Tests\ContactFormDataProviderTest" classname="QuickPOS.Tests.ContactFormDataProviderTest" assertions="2" time="0.008465"/>
        <testcase name="testFormValidationWithMultipleInputs with data set &quot;empty email&quot;" file="C:\MAMP\htdocs\quickpos-v2\quickpos-landing-page\tests\ContactFormDataProviderTest.php" line="21" class="QuickPOS\Tests\ContactFormDataProviderTest" classname="QuickPOS.Tests.ContactFormDataProviderTest" assertions="2" time="0.006585"/>
        <testcase name="testFormValidationWithMultipleInputs with data set &quot;empty message&quot;" file="C:\MAMP\htdocs\quickpos-v2\quickpos-landing-page\tests\ContactFormDataProviderTest.php" line="21" class="QuickPOS\Tests\ContactFormDataProviderTest" classname="QuickPOS.Tests.ContactFormDataProviderTest" assertions="2" time="0.006649"/>
        <testcase name="testFormValidationWithMultipleInputs with data set &quot;all empty&quot;" file="C:\MAMP\htdocs\quickpos-v2\quickpos-landing-page\tests\ContactFormDataProviderTest.php" line="21" class="QuickPOS\Tests\ContactFormDataProviderTest" classname="QuickPOS.Tests.ContactFormDataProviderTest" assertions="2" time="0.007516"/>
        <testcase name="testFormValidationWithMultipleInputs with data set &quot;invalid email format&quot;" file="C:\MAMP\htdocs\quickpos-v2\quickpos-landing-page\tests\ContactFormDataProviderTest.php" line="21" class="QuickPOS\Tests\ContactFormDataProviderTest" classname="QuickPOS.Tests.ContactFormDataProviderTest" assertions="2" time="0.008141"/>
        <testcase name="testFormValidationWithMultipleInputs with data set &quot;email missing dot&quot;" file="C:\MAMP\htdocs\quickpos-v2\quickpos-landing-page\tests\ContactFormDataProviderTest.php" line="21" class="QuickPOS\Tests\ContactFormDataProviderTest" classname="QuickPOS.Tests.ContactFormDataProviderTest" assertions="2" time="0.006335"/>
      </testsuite>
      <testcase name="testValidFormSubmission" file="C:\MAMP\htdocs\quickpos-v2\quickpos-landing-page\tests\ContactFormDataProviderTest.php" line="92" class="QuickPOS\Tests\ContactFormDataProviderTest" classname="QuickPOS.Tests.ContactFormDataProviderTest" assertions="1" time="0.073071"/>
    </testsuite>
    <testsuite name="QuickPOS\Tests\ContactFormTest" file="C:\MAMP\htdocs\quickpos-v2\quickpos-landing-page\tests\ContactFormTest.php" tests="3" assertions="12" errors="0" failures="0" skipped="0" time="0.110420">
      <testcase name="testEmptyFieldsShowValidationErrors" file="C:\MAMP\htdocs\quickpos-v2\quickpos-landing-page\tests\ContactFormTest.php" line="47" class="QuickPOS\Tests\ContactFormTest" classname="QuickPOS.Tests.ContactFormTest" assertions="4" time="0.044120"/>
      <testcase name="testInvalidEmailShowsValidationError" file="C:\MAMP\htdocs\quickpos-v2\quickpos-landing-page\tests\ContactFormTest.php" line="64" class="QuickPOS\Tests\ContactFormTest" classname="QuickPOS.Tests.ContactFormTest" assertions="2" time="0.021748"/>
      <testcase name="testValidFormSubmissionSavesToDatabaseAndRedirects" file="C:\MAMP\htdocs\quickpos-v2\quickpos-landing-page\tests\ContactFormTest.php" line="79" class="QuickPOS\Tests\ContactFormTest" classname="QuickPOS.Tests.ContactFormTest" assertions="6" time="0.044552"/>
    </testsuite>
    <testsuite name="QuickPOS\Tests\EmailValidatorTest" file="C:\MAMP\htdocs\quickpos-v2\quickpos-landing-page\tests\EmailValidatorTest.php" tests="15" assertions="15" errors="0" failures="0" skipped="0" time="0.028956">
      <testsuite name="QuickPOS\Tests\EmailValidatorTest::testValidEmailsAreAccepted" tests="5" assertions="5" errors="0" failures="0" skipped="0" time="0.010717">
        <testcase name="testValidEmailsAreAccepted with data set &quot;simple email&quot;" file="C:\MAMP\htdocs\quickpos-v2\quickpos-landing-page\tests\EmailValidatorTest.php" line="14" class="QuickPOS\Tests\EmailValidatorTest" classname="QuickPOS.Tests.EmailValidatorTest" assertions="1" time="0.002606"/>
        <testcase name="testValidEmailsAreAccepted with data set &quot;with plus sign&quot;" file="C:\MAMP\htdocs\quickpos-v2\quickpos-landing-page\tests\EmailValidatorTest.php" line="14" class="QuickPOS\Tests\EmailValidatorTest" classname="QuickPOS.Tests.EmailValidatorTest" assertions="1" time="0.001889"/>
        <testcase name="testValidEmailsAreAccepted with data set &quot;with dots&quot;" file="C:\MAMP\htdocs\quickpos-v2\quickpos-landing-page\tests\EmailValidatorTest.php" line="14" class="QuickPOS\Tests\EmailValidatorTest" classname="QuickPOS.Tests.EmailValidatorTest" assertions="1" time="0.002474"/>
        <testcase name="testValidEmailsAreAccepted with data set &quot;with numbers&quot;" file="C:\MAMP\htdocs\quickpos-v2\quickpos-landing-page\tests\EmailValidatorTest.php" line="14" class="QuickPOS\Tests\EmailValidatorTest" classname="QuickPOS.Tests.EmailValidatorTest" assertions="1" time="0.001845"/>
        <testcase name="testValidEmailsAreAccepted with data set &quot;single letter&quot;" file="C:\MAMP\htdocs\quickpos-v2\quickpos-landing-page\tests\EmailValidatorTest.php" line="14" class="QuickPOS\Tests\EmailValidatorTest" classname="QuickPOS.Tests.EmailValidatorTest" assertions="1" time="0.001903"/>
      </testsuite>
      <testsuite name="QuickPOS\Tests\EmailValidatorTest::testInvalidEmailsAreRejected" tests="9" assertions="9" errors="0" failures="0" skipped="0" time="0.016483">
        <testcase name="testInvalidEmailsAreRejected with data set &quot;no @ symbol&quot;" file="C:\MAMP\htdocs\quickpos-v2\quickpos-landing-page\tests\EmailValidatorTest.php" line="21" class="QuickPOS\Tests\EmailValidatorTest" classname="QuickPOS.Tests.EmailValidatorTest" assertions="1" time="0.001688"/>
        <testcase name="testInvalidEmailsAreRejected with data set &quot;missing domain&quot;" file="C:\MAMP\htdocs\quickpos-v2\quickpos-landing-page\tests\EmailValidatorTest.php" line="21" class="QuickPOS\Tests\EmailValidatorTest" classname="QuickPOS.Tests.EmailValidatorTest" assertions="1" time="0.001716"/>
        <testcase name="testInvalidEmailsAreRejected with data set &quot;missing local part&quot;" file="C:\MAMP\htdocs\quickpos-v2\quickpos-landing-page\tests\EmailValidatorTest.php" line="21" class="QuickPOS\Tests\EmailValidatorTest" classname="QuickPOS.Tests.EmailValidatorTest" assertions="1" time="0.001584"/>
        <testcase name="testInvalidEmailsAreRejected with data set &quot;just text&quot;" file="C:\MAMP\htdocs\quickpos-v2\quickpos-landing-page\tests\EmailValidatorTest.php" line="21" class="QuickPOS\Tests\EmailValidatorTest" classname="QuickPOS.Tests.EmailValidatorTest" assertions="1" time="0.001608"/>
        <testcase name="testInvalidEmailsAreRejected with data set &quot;space in email&quot;" file="C:\MAMP\htdocs\quickpos-v2\quickpos-landing-page\tests\EmailValidatorTest.php" line="21" class="QuickPOS\Tests\EmailValidatorTest" classname="QuickPOS.Tests.EmailValidatorTest" assertions="1" time="0.001664"/>
        <testcase name="testInvalidEmailsAreRejected with data set &quot;double dots&quot;" file="C:\MAMP\htdocs\quickpos-v2\quickpos-landing-page\tests\EmailValidatorTest.php" line="21" class="QuickPOS\Tests\EmailValidatorTest" classname="QuickPOS.Tests.EmailValidatorTest" assertions="1" time="0.002703"/>
        <testcase name="testInvalidEmailsAreRejected with data set &quot;no dot in domain&quot;" file="C:\MAMP\htdocs\quickpos-v2\quickpos-landing-page\tests\EmailValidatorTest.php" line="21" class="QuickPOS\Tests\EmailValidatorTest" classname="QuickPOS.Tests.EmailValidatorTest" assertions="1" time="0.001949"/>
        <testcase name="testInvalidEmailsAreRejected with data set &quot;special chars only&quot;" file="C:\MAMP\htdocs\quickpos-v2\quickpos-landing-page\tests\EmailValidatorTest.php" line="21" class="QuickPOS\Tests\EmailValidatorTest" classname="QuickPOS.Tests.EmailValidatorTest" assertions="1" time="0.001702"/>
        <testcase name="testInvalidEmailsAreRejected with data set &quot;empty string&quot;" file="C:\MAMP\htdocs\quickpos-v2\quickpos-landing-page\tests\EmailValidatorTest.php" line="21" class="QuickPOS\Tests\EmailValidatorTest" classname="QuickPOS.Tests.EmailValidatorTest" assertions="1" time="0.001870"/>
      </testsuite>
      <testcase name="testNullIsRejected" file="C:\MAMP\htdocs\quickpos-v2\quickpos-landing-page\tests\EmailValidatorTest.php" line="53" class="QuickPOS\Tests\EmailValidatorTest" classname="QuickPOS.Tests.EmailValidatorTest" assertions="1" time="0.001756"/>
    </testsuite>
    <testsuite name="QuickPOS\Tests\PageLoadTest" file="C:\MAMP\htdocs\quickpos-v2\quickpos-landing-page\tests\PageLoadTest.php" tests="2" assertions="4" errors="0" failures="0" skipped="0" time="0.031811">
      <testcase name="testIndexPageLoadsWithoutErrors" file="C:\MAMP\htdocs\quickpos-v2\quickpos-landing-page\tests\PageLoadTest.php" line="20" class="QuickPOS\Tests\PageLoadTest" classname="QuickPOS.Tests.PageLoadTest" assertions="2" time="0.026811"/>
      <testcase name="testThankYouPageLoadsWithoutErrors" file="C:\MAMP\htdocs\quickpos-v2\quickpos-landing-page\tests\PageLoadTest.php" line="38" class="QuickPOS\Tests\PageLoadTest" classname="QuickPOS.Tests.PageLoadTest" assertions="2" time="0.005001"/>
    </testsuite>
    <testsuite name="QuickPOS\Tests\ValidationRulesTest" file="C:\MAMP\htdocs\quickpos-v2\quickpos-landing-page\tests\ValidationRulesTest.php" tests="14" assertions="14" errors="0" failures="0" skipped="0" time="0.025435">
      <testsuite name="QuickPOS\Tests\ValidationRulesTest::testNameValidation" tests="7" assertions="7" errors="0" failures="0" skipped="0" time="0.013697">
        <testcase name="testNameValidation with data set &quot;normal name&quot;" file="C:\MAMP\htdocs\quickpos-v2\quickpos-landing-page\tests\ValidationRulesTest.php" line="14" class="QuickPOS\Tests\ValidationRulesTest" classname="QuickPOS.Tests.ValidationRulesTest" assertions="1" time="0.002185"/>
        <testcase name="testNameValidation with data set &quot;single character&quot;" file="C:\MAMP\htdocs\quickpos-v2\quickpos-landing-page\tests\ValidationRulesTest.php" line="14" class="QuickPOS\Tests\ValidationRulesTest" classname="QuickPOS.Tests.ValidationRulesTest" assertions="1" time="0.001810"/>
        <testcase name="testNameValidation with data set &quot;with spaces&quot;" file="C:\MAMP\htdocs\quickpos-v2\quickpos-landing-page\tests\ValidationRulesTest.php" line="14" class="QuickPOS\Tests\ValidationRulesTest" classname="QuickPOS.Tests.ValidationRulesTest" assertions="1" time="0.002346"/>
        <testcase name="testNameValidation with data set &quot;empty string&quot;" file="C:\MAMP\htdocs\quickpos-v2\quickpos-landing-page\tests\ValidationRulesTest.php" line="14" class="QuickPOS\Tests\ValidationRulesTest" classname="QuickPOS.Tests.ValidationRulesTest" assertions="1" time="0.001906"/>
        <testcase name="testNameValidation with data set &quot;only spaces&quot;" file="C:\MAMP\htdocs\quickpos-v2\quickpos-landing-page\tests\ValidationRulesTest.php" line="14" class="QuickPOS\Tests\ValidationRulesTest" classname="QuickPOS.Tests.ValidationRulesTest" assertions="1" time="0.001770"/>
        <testcase name="testNameValidation with data set &quot;null value&quot;" file="C:\MAMP\htdocs\quickpos-v2\quickpos-landing-page\tests\ValidationRulesTest.php" line="14" class="QuickPOS\Tests\ValidationRulesTest" classname="QuickPOS.Tests.ValidationRulesTest" assertions="1" time="0.001896"/>
        <testcase name="testNameValidation with data set &quot;very long name&quot;" file="C:\MAMP\htdocs\quickpos-v2\quickpos-landing-page\tests\ValidationRulesTest.php" line="14" class="QuickPOS\Tests\ValidationRulesTest" classname="QuickPOS.Tests.ValidationRulesTest" assertions="1" time="0.001784"/>
      </testsuite>
      <testsuite name="QuickPOS\Tests\ValidationRulesTest::testMessageValidation" tests="6" assertions="6" errors="0" failures="0" skipped="0" time="0.010398">
        <testcase name="testMessageValidation with data set &quot;normal message&quot;" file="C:\MAMP\htdocs\quickpos-v2\quickpos-landing-page\tests\ValidationRulesTest.php" line="23" class="QuickPOS\Tests\ValidationRulesTest" classname="QuickPOS.Tests.ValidationRulesTest" assertions="1" time="0.001735"/>
        <testcase name="testMessageValidation with data set &quot;short message&quot;" file="C:\MAMP\htdocs\quickpos-v2\quickpos-landing-page\tests\ValidationRulesTest.php" line="23" class="QuickPOS\Tests\ValidationRulesTest" classname="QuickPOS.Tests.ValidationRulesTest" assertions="1" time="0.001715"/>
        <testcase name="testMessageValidation with data set &quot;empty message&quot;" file="C:\MAMP\htdocs\quickpos-v2\quickpos-landing-page\tests\ValidationRulesTest.php" line="23" class="QuickPOS\Tests\ValidationRulesTest" classname="QuickPOS.Tests.ValidationRulesTest" assertions="1" time="0.001675"/>
        <testcase name="testMessageValidation with data set &quot;only spaces&quot;" file="C:\MAMP\htdocs\quickpos-v2\quickpos-landing-page\tests\ValidationRulesTest.php" line="23" class="QuickPOS\Tests\ValidationRulesTest" classname="QuickPOS.Tests.ValidationRulesTest" assertions="1" time="0.002112"/>
        <testcase name="testMessageValidation with data set &quot;null message&quot;" file="C:\MAMP\htdocs\quickpos-v2\quickpos-landing-page\tests\ValidationRulesTest.php" line="23" class="QuickPOS\Tests\ValidationRulesTest" classname="QuickPOS.Tests.ValidationRulesTest" assertions="1" time="0.001552"/>
        <testcase name="testMessageValidation with data set &quot;very long message&quot;" file="C:\MAMP\htdocs\quickpos-v2\quickpos-landing-page\tests\ValidationRulesTest.php" line="23" class="QuickPOS\Tests\ValidationRulesTest" classname="QuickPOS.Tests.ValidationRulesTest" assertions="1" time="0.001609"/>
      </testsuite>
      <testcase name="testHtmlSpecialCharsEscaping" file="C:\MAMP\htdocs\quickpos-v2\quickpos-landing-page\tests\ValidationRulesTest.php" line="54" class="QuickPOS\Tests\ValidationRulesTest" classname="QuickPOS.Tests.ValidationRulesTest" assertions="1" time="0.001339"/>
    </testsuite>
  </testsuite>
</testsuites>
